c:\users\adina\desktop\info sem2\lab 04\lab 04\lab 04\debug\vc142.pdb
c:\users\adina\desktop\info sem2\lab 04\lab 04\lab 04\debug\vc142.idb
c:\users\adina\desktop\info sem2\lab 04\lab 04\lab 04\debug\test.obj
c:\users\adina\desktop\info sem2\lab 04\lab 04\lab 04\debug\examen.obj
c:\users\adina\desktop\info sem2\lab 04\lab 04\lab 04\debug\app.obj
c:\users\adina\desktop\info sem2\lab 04\lab 04\lab 04\debug\repo.obj
c:\users\adina\desktop\info sem2\lab 04\lab 04\lab 04\debug\ui.obj
c:\users\adina\desktop\info sem2\lab 04\lab 04\lab 04\debug\service.obj
c:\users\adina\desktop\info sem2\lab 04\lab 04\lab 04\debug\ftii.obj
c:\users\adina\desktop\info sem2\lab 04\lab 04\lab 04\debug\testrepo.obj
c:\users\adina\desktop\info sem2\lab 04\lab 04\lab 04\debug\testrepository.obj
c:\users\adina\desktop\info sem2\lab 04\lab 04\lab 04\debug\testservice.obj
c:\users\adina\desktop\info sem2\lab 04\lab 04\debug\lab 04.exe
c:\users\adina\desktop\info sem2\lab 04\lab 04\debug\lab 04.ilk
c:\users\adina\desktop\info sem2\lab 04\lab 04\debug\lab 04.pdb
c:\users\adina\desktop\info sem2\lab 04\lab 04\lab 04\debug\app.new.obj.enc
c:\users\adina\desktop\info sem2\lab 04\lab 04\lab 04\debug\repo.new.obj.enc
c:\users\adina\desktop\info sem2\lab 04\lab 04\lab 04\debug\service.new.obj.enc
c:\users\adina\desktop\info sem2\lab 04\lab 04\lab 04\debug\testrepo.new.obj.enc
c:\users\adina\desktop\info sem2\lab 04\lab 04\lab 04\debug\testrepository.new.obj.enc
c:\users\adina\desktop\info sem2\lab 04\lab 04\lab 04\debug\testservice.new.obj.enc
c:\users\adina\desktop\info sem2\lab 04\lab 04\lab 04\debug\ui.new.obj.enc
c:\users\adina\desktop\info sem2\lab 04\lab 04\lab 04\debug\lab 04.tlog\cl.command.1.tlog
c:\users\adina\desktop\info sem2\lab 04\lab 04\lab 04\debug\lab 04.tlog\cl.read.1.tlog
c:\users\adina\desktop\info sem2\lab 04\lab 04\lab 04\debug\lab 04.tlog\cl.write.1.tlog
c:\users\adina\desktop\info sem2\lab 04\lab 04\lab 04\debug\lab 04.tlog\link.command.1.tlog
c:\users\adina\desktop\info sem2\lab 04\lab 04\lab 04\debug\lab 04.tlog\link.read.1.tlog
c:\users\adina\desktop\info sem2\lab 04\lab 04\lab 04\debug\lab 04.tlog\link.write.1.tlog
